<?xml version="1.0" encoding="UTF-8"?>
<!-- Generated by org.testng.reporters.JUnitXMLReporter -->
<testsuite hostname="Innovapath-HP" ignored="0" name="Default test" tests="6" failures="0" timestamp="15 Jun 2017 23:59:23 GMT" time="0.059" errors="0">
  <testcase name="method1" time="0.009" classname="com.test.CountNoOfVowelsTest"/>
  <testcase name="method2" time="0.001" classname="com.test.CountNoOfVowelsTest"/>
  <testcase name="method3" time="0.007" classname="com.test.CountNoOfVowelsTest"/>
  <testcase name="method4" time="0.003" classname="com.test.CountNoOfVowelsTest"/>
  <testcase name="method5" time="0.001" classname="com.test.CountNoOfVowelsTest"/>
  <testcase name="method6" time="0.001" classname="com.test.CountNoOfVowelsTest"/>
</testsuite> <!-- Default test -->
