<?xml version="1.0" encoding="UTF-8"?>
<!-- Generated by org.testng.reporters.JUnitXMLReporter -->
<testsuite hostname="Innovapath-HP" ignored="2" name="FunctionalTest" tests="2" failures="0" timestamp="20 Jun 2017 00:16:20 GMT" time="0.018" errors="0">
  <testcase name="verifyClickLogin" time="0.002" classname="com.test.HomePageTest"/>
  <testcase name="verifyClickSignUp" time="0.001" classname="com.test.HomePageTest"/>
  <testcase name="checkLogin" time="0.0" classname="com.test.LoginPageTest">
    <ignored/>
  </testcase> <!-- checkLogin -->
  <testcase name="verifySearch" time="0.0" classname="com.test.HomePageTest">
    <ignored/>
  </testcase> <!-- verifySearch -->
</testsuite> <!-- FunctionalTest -->
