<?xml version="1.0" encoding="UTF-8"?>
<!-- Generated by org.testng.reporters.JUnitXMLReporter -->
<testsuite hostname="Innovapath-HP" ignored="1" name="SmokeTest" tests="2" failures="0" timestamp="20 Jun 2017 00:16:20 GMT" time="0.043" errors="0">
  <testcase name="verifyClickLogin" time="0.008" classname="com.test.HomePageTest"/>
  <testcase name="verifyClickSignUp" time="0.001" classname="com.test.HomePageTest"/>
  <testcase name="verifySearch" time="0.0" classname="com.test.HomePageTest">
    <ignored/>
  </testcase> <!-- verifySearch -->
</testsuite> <!-- SmokeTest -->
