<?xml version="1.0" encoding="UTF-8"?>
<!-- Generated by org.testng.reporters.JUnitXMLReporter -->
<testsuite hostname="Innovapath-HP" ignored="0" name="SmokeTest" tests="10" failures="0" timestamp="21 Jun 2017 23:47:36 GMT" time="0.097" errors="0">
  <testcase name="test" time="0.008" classname="com.test.CountNoOfVowelsTest"/>
  <testcase name="test" time="0.002" classname="com.test.CountNoOfVowelsTest"/>
  <testcase name="test" time="0.002" classname="com.test.CountNoOfVowelsTest"/>
  <testcase name="test" time="0.001" classname="com.test.CountNoOfVowelsTest"/>
  <testcase name="test" time="0.001" classname="com.test.CountNoOfVowelsTest"/>
  <testcase name="test" time="0.002" classname="com.test.CountNoOfVowelsTest"/>
  <testcase name="test" time="0.001" classname="com.test.CountNoOfVowelsTest"/>
  <testcase name="test" time="0.002" classname="com.test.CountNoOfVowelsTest"/>
  <testcase name="test" time="0.004" classname="com.test.CountNoOfVowelsTest"/>
  <testcase name="test" time="0.001" classname="com.test.CountNoOfVowelsTest"/>
</testsuite> <!-- SmokeTest -->
