<?xml version="1.0" encoding="UTF-8"?>
<testng-results skipped="0" failed="0" ignored="0" total="10" passed="10">
  <reporter-output>
  </reporter-output>
  <suite name="YelpAppSuite" duration-ms="97" started-at="2017-06-21T23:47:36Z" finished-at="2017-06-21T23:47:36Z">
    <groups>
    </groups>
    <test name="SmokeTest" duration-ms="97" started-at="2017-06-21T23:47:36Z" finished-at="2017-06-21T23:47:36Z">
      <class name="com.test.CountNoOfVowelsTest">
        <test-method status="PASS" signature="beforeClass()[pri:0, instance:com.test.CountNoOfVowelsTest@4de8b406]" name="beforeClass" is-config="true" duration-ms="11" started-at="2017-06-21T16:47:36Z" finished-at="2017-06-21T16:47:36Z">
          <reporter-output>
          </reporter-output>
        </test-method> <!-- beforeClass -->
        <test-method status="PASS" signature="test(java.lang.String)[pri:0, instance:com.test.CountNoOfVowelsTest@4de8b406]" name="test" duration-ms="8" started-at="2017-06-21T16:47:36Z" finished-at="2017-06-21T16:47:36Z">
          <params>
            <param index="0">
              <value>
                <![CDATA[hello World]]>
              </value>
            </param>
          </params>
          <reporter-output>
          </reporter-output>
        </test-method> <!-- test -->
        <test-method status="PASS" signature="test(java.lang.String)[pri:0, instance:com.test.CountNoOfVowelsTest@4de8b406]" name="test" duration-ms="2" started-at="2017-06-21T16:47:36Z" finished-at="2017-06-21T16:47:36Z">
          <params>
            <param index="0">
              <value>
                <![CDATA[hello World]]>
              </value>
            </param>
          </params>
          <reporter-output>
          </reporter-output>
        </test-method> <!-- test -->
        <test-method status="PASS" signature="test(java.lang.String)[pri:0, instance:com.test.CountNoOfVowelsTest@4de8b406]" name="test" duration-ms="2" started-at="2017-06-21T16:47:36Z" finished-at="2017-06-21T16:47:36Z">
          <params>
            <param index="0">
              <value>
                <![CDATA[hello World]]>
              </value>
            </param>
          </params>
          <reporter-output>
          </reporter-output>
        </test-method> <!-- test -->
        <test-method status="PASS" signature="test(java.lang.String)[pri:0, instance:com.test.CountNoOfVowelsTest@4de8b406]" name="test" duration-ms="1" started-at="2017-06-21T16:47:36Z" finished-at="2017-06-21T16:47:36Z">
          <params>
            <param index="0">
              <value>
                <![CDATA[hello World]]>
              </value>
            </param>
          </params>
          <reporter-output>
          </reporter-output>
        </test-method> <!-- test -->
        <test-method status="PASS" signature="test(java.lang.String)[pri:0, instance:com.test.CountNoOfVowelsTest@4de8b406]" name="test" duration-ms="1" started-at="2017-06-21T16:47:36Z" finished-at="2017-06-21T16:47:36Z">
          <params>
            <param index="0">
              <value>
                <![CDATA[hello World]]>
              </value>
            </param>
          </params>
          <reporter-output>
          </reporter-output>
        </test-method> <!-- test -->
        <test-method status="PASS" signature="test(java.lang.String)[pri:0, instance:com.test.CountNoOfVowelsTest@4de8b406]" name="test" duration-ms="2" started-at="2017-06-21T16:47:36Z" finished-at="2017-06-21T16:47:36Z">
          <params>
            <param index="0">
              <value>
                <![CDATA[hello World]]>
              </value>
            </param>
          </params>
          <reporter-output>
          </reporter-output>
        </test-method> <!-- test -->
        <test-method status="PASS" signature="test(java.lang.String)[pri:0, instance:com.test.CountNoOfVowelsTest@4de8b406]" name="test" duration-ms="1" started-at="2017-06-21T16:47:36Z" finished-at="2017-06-21T16:47:36Z">
          <params>
            <param index="0">
              <value>
                <![CDATA[hello World]]>
              </value>
            </param>
          </params>
          <reporter-output>
          </reporter-output>
        </test-method> <!-- test -->
        <test-method status="PASS" signature="test(java.lang.String)[pri:0, instance:com.test.CountNoOfVowelsTest@4de8b406]" name="test" duration-ms="2" started-at="2017-06-21T16:47:36Z" finished-at="2017-06-21T16:47:36Z">
          <params>
            <param index="0">
              <value>
                <![CDATA[hello World]]>
              </value>
            </param>
          </params>
          <reporter-output>
          </reporter-output>
        </test-method> <!-- test -->
        <test-method status="PASS" signature="test(java.lang.String)[pri:0, instance:com.test.CountNoOfVowelsTest@4de8b406]" name="test" duration-ms="4" started-at="2017-06-21T16:47:36Z" finished-at="2017-06-21T16:47:36Z">
          <params>
            <param index="0">
              <value>
                <![CDATA[hello World]]>
              </value>
            </param>
          </params>
          <reporter-output>
          </reporter-output>
        </test-method> <!-- test -->
        <test-method status="PASS" signature="test(java.lang.String)[pri:0, instance:com.test.CountNoOfVowelsTest@4de8b406]" name="test" duration-ms="1" started-at="2017-06-21T16:47:36Z" finished-at="2017-06-21T16:47:36Z">
          <params>
            <param index="0">
              <value>
                <![CDATA[hello World]]>
              </value>
            </param>
          </params>
          <reporter-output>
          </reporter-output>
        </test-method> <!-- test -->
      </class> <!-- com.test.CountNoOfVowelsTest -->
    </test> <!-- SmokeTest -->
  </suite> <!-- YelpAppSuite -->
</testng-results>
